<mule xmlns="http://www.mulesoft.org/schema/mule/core"
      xmlns:xsi="http://www.w3.org/2001/XMLSchema-instance"
      xmlns:eframework="http://www.mulesoft.org/schema/mule/eframework"
      xsi:schemaLocation="http://www.mulesoft.org/schema/mule/core http://www.mulesoft.org/schema/mule/core/current/mule.xsd
          http://www.mulesoft.org/schema/mule/eframework http://www.mulesoft.org/schema/mule/eframework/current/mule-eframework.xsd">

    <eframework:config name="config" applicationId="appId">
    </eframework:config>

</mule>
